<?xml version="1.0" encoding="UTF-8"?>
<!-- Generated by org.testng.reporters.JUnitReportReporter -->
<testsuite hostname="LAPTOP-P6I5ANOL" failures="0" tests="2" name="practiceSteps.GlobalSQA" time="0.007" errors="0" timestamp="2022-10-11T15:59:40 EDT" skipped="1">
  <testcase classname="practiceSteps.GlobalSQA" name="logInTest" time="0.007"/>
  <system-out/>
  <testcase classname="practiceSteps.GlobalSQA" name="tabsTest">
    <skipped/>
  </testcase> <!-- tabsTest -->
  <system-out/>
</testsuite> <!-- practiceSteps.GlobalSQA -->
