<?xml version="1.0" encoding="UTF-8"?>
<!-- Generated by org.testng.reporters.JUnitReportReporter -->
<testsuite hostname="LAPTOP-P6I5ANOL" failures="0" tests="2" name="runners.TestRunner" time="29.968" errors="0" timestamp="2022-10-09T21:57:59 EDT" skipped="0">
  <testcase classname="runners.TestRunner" name="runScenario" time="20.776"/>
  <system-out/>
  <testcase classname="runners.TestRunner" name="runScenario" time="9.192"/>
  <system-out/>
</testsuite> <!-- runners.TestRunner -->
