<?xml version="1.0" encoding="UTF-8"?>
<!-- Generated by org.testng.reporters.JUnitReportReporter -->
<testsuite hostname="LAPTOP-P6I5ANOL" failures="0" tests="1" name="runners.TestRunner" time="13.143" errors="0" timestamp="2022-10-10T13:32:16 EDT" skipped="0">
  <testcase classname="runners.TestRunner" name="runScenario" time="13.143"/>
  <system-out/>
</testsuite> <!-- runners.TestRunner -->
