<?xml version="1.0" encoding="UTF-8"?>
<!-- Generated by org.testng.reporters.JUnitReportReporter -->
<testsuite hostname="LAPTOP-P6I5ANOL" failures="0" tests="1" name="practiceSteps.Costco_Login" time="17.423" errors="0" timestamp="2022-10-18T18:40:11 EDT" skipped="0">
  <testcase classname="practiceSteps.Costco_Login" name="LoginWithValidCred" time="17.423"/>
  <system-out/>
</testsuite> <!-- practiceSteps.Costco_Login -->
