<?xml version="1.0" encoding="UTF-8"?>
<!-- Generated by org.testng.reporters.JUnitReportReporter -->
<testsuite hostname="LAPTOP-P6I5ANOL" failures="0" tests="2" name="practiceSteps.BrokenLinkCheck" time="6.650" errors="0" timestamp="2022-10-16T14:52:15 EDT" skipped="1">
  <testcase classname="practiceSteps.BrokenLinkCheck" name="tables" time="6.650"/>
  <system-out/>
  <testcase classname="practiceSteps.BrokenLinkCheck" name="borkenLink">
    <skipped/>
  </testcase> <!-- borkenLink -->
  <system-out/>
</testsuite> <!-- practiceSteps.BrokenLinkCheck -->
