<?xml version="1.0" encoding="UTF-8"?>
<!-- Generated by org.testng.reporters.JUnitReportReporter -->
<testsuite hostname="LAPTOP-P6I5ANOL" failures="0" tests="1" name="practiceSteps.GlobalSQA" time="7.238" errors="0" timestamp="2022-10-03T21:18:37 EDT" skipped="0">
  <testcase classname="practiceSteps.GlobalSQA" name="tabsTest" time="7.238"/>
  <system-out/>
</testsuite> <!-- practiceSteps.GlobalSQA -->
