<?xml version="1.0" encoding="UTF-8"?>
<!-- Generated by org.testng.reporters.JUnitReportReporter -->
<testsuite hostname="LAPTOP-P6I5ANOL" failures="0" tests="2" name="testNG.Parameterization" time="14.515" errors="0" timestamp="2022-10-09T21:00:49 EDT" skipped="0">
  <testcase classname="testNG.Parameterization" name="openHeroku" time="6.920"/>
  <system-out/>
  <testcase classname="testNG.Parameterization" name="openGoogle" time="7.595"/>
  <system-out/>
</testsuite> <!-- testNG.Parameterization -->
