<?xml version="1.0" encoding="UTF-8"?>
<!-- Generated by org.testng.reporters.JUnitReportReporter -->
<testsuite hostname="LAPTOP-P6I5ANOL" failures="0" tests="2" name="testNG.Parameterization" time="15.634" errors="0" timestamp="2022-10-10T09:00:59 EDT" skipped="0">
  <testcase classname="testNG.Parameterization" name="openGoogle" time="3.655"/>
  <system-out/>
  <testcase classname="testNG.Parameterization" name="openHeroku" time="11.979"/>
  <system-out/>
</testsuite> <!-- testNG.Parameterization -->
